c:\users\funne\onedrive\dokument\particleeditorexport\importer\x64\debug\vc140.pdb
c:\users\funne\onedrive\dokument\particleeditorexport\importer\x64\debug\vc140.idb
c:\users\funne\onedrive\dokument\particleeditorexport\importer\x64\debug\assets.obj
c:\users\funne\onedrive\dokument\particleeditorexport\importer\x64\debug\fontasset.obj
c:\users\funne\onedrive\dokument\particleeditorexport\importer\x64\debug\imageasset.obj
c:\users\funne\onedrive\dokument\particleeditorexport\importer\x64\debug\materialasset.obj
c:\users\funne\onedrive\dokument\particleeditorexport\importer\x64\debug\modelasset.obj
c:\users\funne\onedrive\dokument\particleeditorexport\importer\x64\debug\textureasset.obj
c:\users\funne\onedrive\dokument\particleeditorexport\x64\debug\importer.lib
c:\users\funne\onedrive\dokument\particleeditorexport\x64\debug\importer.exp
c:\users\funne\onedrive\dokument\particleeditorexport\x64\debug\importer.ilk
c:\users\funne\onedrive\dokument\particleeditorexport\x64\debug\importer.dll
c:\users\funne\onedrive\dokument\particleeditorexport\x64\debug\importer.pdb
c:\users\funne\onedrive\dokument\particleeditorexport\importer\x64\debug\importer.tlog\cl.command.1.tlog
c:\users\funne\onedrive\dokument\particleeditorexport\importer\x64\debug\importer.tlog\cl.read.1.tlog
c:\users\funne\onedrive\dokument\particleeditorexport\importer\x64\debug\importer.tlog\cl.write.1.tlog
c:\users\funne\onedrive\dokument\particleeditorexport\importer\x64\debug\importer.tlog\importer.write.1u.tlog
c:\users\funne\onedrive\dokument\particleeditorexport\importer\x64\debug\importer.tlog\link.command.1.tlog
c:\users\funne\onedrive\dokument\particleeditorexport\importer\x64\debug\importer.tlog\link.read.1.tlog
c:\users\funne\onedrive\dokument\particleeditorexport\importer\x64\debug\importer.tlog\link.write.1.tlog
