c:\users\fantanny\desktop\particleeditorexport\nurn\x64\debug\vc140.pdb
c:\users\fantanny\desktop\particleeditorexport\nurn\x64\debug\vc140.idb
c:\users\fantanny\desktop\particleeditorexport\nurn\x64\debug\address.obj
c:\users\fantanny\desktop\particleeditorexport\nurn\x64\debug\communication.obj
c:\users\fantanny\desktop\particleeditorexport\nurn\x64\debug\nurn.obj
c:\users\fantanny\desktop\particleeditorexport\nurn\x64\debug\socket.obj
c:\users\fantanny\desktop\particleeditorexport\nurn\x64\debug\tcpcommunication.obj
c:\users\fantanny\desktop\particleeditorexport\nurn\x64\debug\tcpsocket.obj
c:\users\fantanny\desktop\particleeditorexport\nurn\x64\debug\udpcommunication.obj
c:\users\fantanny\desktop\particleeditorexport\nurn\x64\debug\udpsocket.obj
c:\users\fantanny\desktop\particleeditorexport\x64\debug\nurn.ilk
c:\users\fantanny\desktop\particleeditorexport\x64\debug\nurn.dll
c:\users\fantanny\desktop\particleeditorexport\x64\debug\nurn.pdb
c:\users\fantanny\desktop\particleeditorexport\x64\debug\nurn.lib
c:\users\fantanny\desktop\particleeditorexport\x64\debug\nurn.exp
c:\users\fantanny\desktop\particleeditorexport\nurn\x64\debug\nurn.tlog\cl.command.1.tlog
c:\users\fantanny\desktop\particleeditorexport\nurn\x64\debug\nurn.tlog\cl.read.1.tlog
c:\users\fantanny\desktop\particleeditorexport\nurn\x64\debug\nurn.tlog\cl.write.1.tlog
c:\users\fantanny\desktop\particleeditorexport\nurn\x64\debug\nurn.tlog\link.command.1.tlog
c:\users\fantanny\desktop\particleeditorexport\nurn\x64\debug\nurn.tlog\link.read.1.tlog
c:\users\fantanny\desktop\particleeditorexport\nurn\x64\debug\nurn.tlog\link.write.1.tlog
c:\users\fantanny\desktop\particleeditorexport\nurn\x64\debug\nurn.tlog\nurn.write.1u.tlog
