c:\users\fantanny\documents\visual studio 2015\projects\particleeditorexport\erebus\x64\debug\vc140.pdb
c:\users\fantanny\documents\visual studio 2015\projects\particleeditorexport\erebus\x64\debug\vc140.idb
c:\users\fantanny\documents\visual studio 2015\projects\particleeditorexport\erebus\x64\debug\collisionlayers.obj
c:\users\fantanny\documents\visual studio 2015\projects\particleeditorexport\erebus\x64\debug\hitbox.obj
c:\users\fantanny\documents\visual studio 2015\projects\particleeditorexport\erebus\x64\debug\controls.obj
c:\users\fantanny\documents\visual studio 2015\projects\particleeditorexport\erebus\x64\debug\leveleditor.obj
c:\users\fantanny\documents\visual studio 2015\projects\particleeditorexport\erebus\x64\debug\levelmodel.obj
c:\users\fantanny\documents\visual studio 2015\projects\particleeditorexport\erebus\x64\debug\luaai.obj
c:\users\fantanny\documents\visual studio 2015\projects\particleeditorexport\erebus\x64\debug\luaassets.obj
c:\users\fantanny\documents\visual studio 2015\projects\particleeditorexport\erebus\x64\debug\luabinds.obj
c:\users\fantanny\documents\visual studio 2015\projects\particleeditorexport\erebus\x64\debug\luacamera.obj
c:\users\fantanny\documents\visual studio 2015\projects\particleeditorexport\erebus\x64\debug\luacollision.obj
c:\users\fantanny\documents\visual studio 2015\projects\particleeditorexport\erebus\x64\debug\luacontrols.obj
c:\users\fantanny\documents\visual studio 2015\projects\particleeditorexport\erebus\x64\debug\luaerebus.obj
c:\users\fantanny\documents\visual studio 2015\projects\particleeditorexport\erebus\x64\debug\luagear.obj
c:\users\fantanny\documents\visual studio 2015\projects\particleeditorexport\erebus\x64\debug\luaparticles.obj
c:\users\fantanny\documents\visual studio 2015\projects\particleeditorexport\erebus\x64\debug\luatransform.obj
c:\users\fantanny\documents\visual studio 2015\projects\particleeditorexport\erebus\x64\debug\particleeditor.obj
c:\users\fantanny\documents\visual studio 2015\projects\particleeditorexport\erebus\x64\debug\performancecounter.obj
c:\users\fantanny\documents\visual studio 2015\projects\particleeditorexport\erebus\x64\debug\source.obj
c:\users\fantanny\documents\visual studio 2015\projects\particleeditorexport\erebus\x64\debug\spherecollider.obj
c:\users\fantanny\documents\visual studio 2015\projects\particleeditorexport\erebus\x64\debug\transform.obj
c:\users\fantanny\documents\visual studio 2015\projects\particleeditorexport\erebus\x64\debug\aabbcollider.obj
c:\users\fantanny\documents\visual studio 2015\projects\particleeditorexport\erebus\x64\debug\collisionhandler.obj
c:\users\fantanny\documents\visual studio 2015\projects\particleeditorexport\x64\debug\erebus.lib
c:\users\fantanny\documents\visual studio 2015\projects\particleeditorexport\x64\debug\erebus.exp
c:\users\fantanny\documents\visual studio 2015\projects\particleeditorexport\x64\debug\erebus.ilk
c:\users\fantanny\documents\visual studio 2015\projects\particleeditorexport\x64\debug\erebus.exe
c:\users\fantanny\documents\visual studio 2015\projects\particleeditorexport\x64\debug\erebus.pdb
c:\users\fantanny\documents\visual studio 2015\projects\particleeditorexport\erebus\x64\debug\erebus.tlog\cl.command.1.tlog
c:\users\fantanny\documents\visual studio 2015\projects\particleeditorexport\erebus\x64\debug\erebus.tlog\cl.read.1.tlog
c:\users\fantanny\documents\visual studio 2015\projects\particleeditorexport\erebus\x64\debug\erebus.tlog\cl.write.1.tlog
c:\users\fantanny\documents\visual studio 2015\projects\particleeditorexport\erebus\x64\debug\erebus.tlog\erebus.write.1u.tlog
c:\users\fantanny\documents\visual studio 2015\projects\particleeditorexport\erebus\x64\debug\erebus.tlog\link.command.1.tlog
c:\users\fantanny\documents\visual studio 2015\projects\particleeditorexport\erebus\x64\debug\erebus.tlog\link.read.1.tlog
c:\users\fantanny\documents\visual studio 2015\projects\particleeditorexport\erebus\x64\debug\erebus.tlog\link.write.1.tlog
