c:\users\funne\onedrive\dokument\particleeditorexport\gear\x64\debug\vc140.pdb
c:\users\funne\onedrive\dokument\particleeditorexport\gear\x64\debug\vc140.idb
c:\users\funne\onedrive\dokument\particleeditorexport\gear\x64\debug\animation.obj
c:\users\funne\onedrive\dokument\particleeditorexport\gear\x64\debug\camera.obj
c:\users\funne\onedrive\dokument\particleeditorexport\gear\x64\debug\gear.obj
c:\users\funne\onedrive\dokument\particleeditorexport\gear\x64\debug\inputs.obj
c:\users\funne\onedrive\dokument\particleeditorexport\gear\x64\debug\material.obj
c:\users\funne\onedrive\dokument\particleeditorexport\gear\x64\debug\particleemitter.obj
c:\users\funne\onedrive\dokument\particleeditorexport\gear\x64\debug\particlesystem.obj
c:\users\funne\onedrive\dokument\particleeditorexport\gear\x64\debug\renderqueue.obj
c:\users\funne\onedrive\dokument\particleeditorexport\gear\x64\debug\shaderprogram.obj
c:\users\funne\onedrive\dokument\particleeditorexport\gear\x64\debug\window.obj
c:\users\funne\onedrive\dokument\particleeditorexport\x64\debug\gear.lib
c:\users\funne\onedrive\dokument\particleeditorexport\x64\debug\gear.exp
c:\users\funne\onedrive\dokument\particleeditorexport\x64\debug\gear.ilk
c:\users\funne\onedrive\dokument\particleeditorexport\x64\debug\gear.dll
c:\users\funne\onedrive\dokument\particleeditorexport\x64\debug\gear.pdb
c:\users\funne\onedrive\dokument\particleeditorexport\gear\x64\debug\gear.vcxprojresolveassemblyreference.cache
c:\users\funne\onedrive\dokument\particleeditorexport\gear\x64\debug\gear.tlog\cl.command.1.tlog
c:\users\funne\onedrive\dokument\particleeditorexport\gear\x64\debug\gear.tlog\cl.read.1.tlog
c:\users\funne\onedrive\dokument\particleeditorexport\gear\x64\debug\gear.tlog\cl.write.1.tlog
c:\users\funne\onedrive\dokument\particleeditorexport\gear\x64\debug\gear.tlog\gear.write.1u.tlog
c:\users\funne\onedrive\dokument\particleeditorexport\gear\x64\debug\gear.tlog\link.command.1.tlog
c:\users\funne\onedrive\dokument\particleeditorexport\gear\x64\debug\gear.tlog\link.read.1.tlog
c:\users\funne\onedrive\dokument\particleeditorexport\gear\x64\debug\gear.tlog\link.write.1.tlog
